2025-06-30 23:52:48,157 - INFO - Available MIDI outputs: ['IAC Driver Bus 1', 'TouchOSC']
2025-06-30 23:52:48,157 - INFO - MIDI connected to: IAC Driver Bus 1
2025-06-30 23:52:48,161 - INFO - OSC client sending to localhost:8000
2025-06-30 23:52:48,162 - INFO - Starting WebSocket server on port 8080
2025-06-30 23:52:48,162 - INFO - OSC receiver listening on port 9000
2025-06-30 23:52:48,183 - ERROR - OSC receive error: [Errno 9] Bad file descriptor
2025-06-30 23:52:48,183 - INFO - Bridge closed
Simple TouchOSC Bridge Server
========================================

TouchOSC Configuration:
======================
1. Open TouchOSC app
2. Go to Settings > OSC
3. Set Host: [your computer's IP address]
4. Set Send Port: 9000
5. Set Receive Port: 8000
6. Enable OSC

Web App:
========
WebSocket: ws://localhost:8080

Ready! Press Ctrl+C to stop

Traceback (most recent call last):
  File "/Users/alex/Documents/Coding/rhythm_pattern_explorer/simple-touchosc-bridge.py", line 227, in <module>
    main()
  File "/Users/alex/Documents/Coding/rhythm_pattern_explorer/simple-touchosc-bridge.py", line 220, in main
    asyncio.run(bridge.start_servers())
  File "/Library/Frameworks/Python.framework/Versions/3.11/lib/python3.11/asyncio/runners.py", line 190, in run
    return runner.run(main)
           ^^^^^^^^^^^^^^^^
  File "/Library/Frameworks/Python.framework/Versions/3.11/lib/python3.11/asyncio/runners.py", line 118, in run
    return self._loop.run_until_complete(task)
           ^^^^^^^^^^^^^^^^^^^^^^^^^^^^^^^^^^^
  File "/Library/Frameworks/Python.framework/Versions/3.11/lib/python3.11/asyncio/base_events.py", line 653, in run_until_complete
    return future.result()
           ^^^^^^^^^^^^^^^
  File "/Users/alex/Documents/Coding/rhythm_pattern_explorer/simple-touchosc-bridge.py", line 185, in start_servers
    await self.start_websocket_server()
  File "/Users/alex/Documents/Coding/rhythm_pattern_explorer/simple-touchosc-bridge.py", line 169, in start_websocket_server
    async with websockets.serve(
  File "/Library/Frameworks/Python.framework/Versions/3.11/lib/python3.11/site-packages/websockets/asyncio/server.py", line 813, in __aenter__
    return await self
           ^^^^^^^^^^
  File "/Library/Frameworks/Python.framework/Versions/3.11/lib/python3.11/site-packages/websockets/asyncio/server.py", line 831, in __await_impl__
    server = await self.create_server
             ^^^^^^^^^^^^^^^^^^^^^^^^
  File "/Library/Frameworks/Python.framework/Versions/3.11/lib/python3.11/asyncio/base_events.py", line 1525, in create_server
    raise OSError(err.errno, 'error while attempting '
OSError: [Errno 48] error while attempting to bind on address ('::1', 8080, 0, 0): address already in use
